[2024-09-22T12:18:50.820+0000] {local_task_job_runner.py:123} INFO - ::group::Pre task execution logs
[2024-09-22T12:18:50.835+0000] {taskinstance.py:2612} INFO - Dependencies all met for dep_context=non-requeueable deps ti=<TaskInstance: bash_example.echo_hello scheduled__2024-02-27T00:00:00+00:00 [queued]>
[2024-09-22T12:18:50.844+0000] {taskinstance.py:2612} INFO - Dependencies all met for dep_context=requeueable deps ti=<TaskInstance: bash_example.echo_hello scheduled__2024-02-27T00:00:00+00:00 [queued]>
[2024-09-22T12:18:50.845+0000] {taskinstance.py:2865} INFO - Starting attempt 1 of 1
[2024-09-22T12:18:50.862+0000] {taskinstance.py:2888} INFO - Executing <Task(BashOperator): echo_hello> on 2024-02-27 00:00:00+00:00
[2024-09-22T12:18:50.867+0000] {warnings.py:112} WARNING - /home/***/.local/lib/python3.12/site-packages/***/task/task_runner/standard_task_runner.py:70: DeprecationWarning: This process (pid=604) is multi-threaded, use of fork() may lead to deadlocks in the child.
  pid = os.fork()

[2024-09-22T12:18:50.868+0000] {standard_task_runner.py:72} INFO - Started process 623 to run task
[2024-09-22T12:18:50.869+0000] {standard_task_runner.py:104} INFO - Running: ['***', 'tasks', 'run', 'bash_example', 'echo_hello', 'scheduled__2024-02-27T00:00:00+00:00', '--job-id', '124', '--raw', '--subdir', 'DAGS_FOLDER/test.py', '--cfg-path', '/tmp/tmp_mz1o9_m']
[2024-09-22T12:18:50.870+0000] {standard_task_runner.py:105} INFO - Job 124: Subtask echo_hello
[2024-09-22T12:18:50.907+0000] {task_command.py:467} INFO - Running <TaskInstance: bash_example.echo_hello scheduled__2024-02-27T00:00:00+00:00 [running]> on host bdaaebce9b41
[2024-09-22T12:18:50.979+0000] {taskinstance.py:3131} INFO - Exporting env vars: AIRFLOW_CTX_DAG_OWNER='***' AIRFLOW_CTX_DAG_ID='bash_example' AIRFLOW_CTX_TASK_ID='echo_hello' AIRFLOW_CTX_EXECUTION_DATE='2024-02-27T00:00:00+00:00' AIRFLOW_CTX_TRY_NUMBER='1' AIRFLOW_CTX_DAG_RUN_ID='scheduled__2024-02-27T00:00:00+00:00'
[2024-09-22T12:18:50.980+0000] {taskinstance.py:731} INFO - ::endgroup::
[2024-09-22T12:18:50.993+0000] {subprocess.py:63} INFO - Tmp dir root location: /tmp
[2024-09-22T12:18:50.994+0000] {subprocess.py:75} INFO - Running command: ['/usr/bin/bash', '-c', 'echo "Hello Airflow"']
[2024-09-22T12:18:51.002+0000] {subprocess.py:86} INFO - Output:
[2024-09-22T12:18:51.003+0000] {subprocess.py:93} INFO - Hello Airflow
[2024-09-22T12:18:51.004+0000] {subprocess.py:97} INFO - Command exited with return code 0
[2024-09-22T12:18:51.024+0000] {taskinstance.py:340} INFO - ::group::Post task execution logs
[2024-09-22T12:18:51.025+0000] {taskinstance.py:352} INFO - Marking task as SUCCESS. dag_id=bash_example, task_id=echo_hello, run_id=scheduled__2024-02-27T00:00:00+00:00, execution_date=20240227T000000, start_date=20240922T121850, end_date=20240922T121851
[2024-09-22T12:18:51.042+0000] {local_task_job_runner.py:266} INFO - Task exited with return code 0
[2024-09-22T12:18:51.053+0000] {taskinstance.py:3900} INFO - 0 downstream tasks scheduled from follow-on schedule check
[2024-09-22T12:18:51.056+0000] {local_task_job_runner.py:245} INFO - ::endgroup::
