[2024-09-22T12:19:32.871+0000] {local_task_job_runner.py:123} INFO - ::group::Pre task execution logs
[2024-09-22T12:19:32.889+0000] {taskinstance.py:2612} INFO - Dependencies all met for dep_context=non-requeueable deps ti=<TaskInstance: bash_example.echo_hello scheduled__2024-05-25T00:00:00+00:00 [queued]>
[2024-09-22T12:19:32.897+0000] {taskinstance.py:2612} INFO - Dependencies all met for dep_context=requeueable deps ti=<TaskInstance: bash_example.echo_hello scheduled__2024-05-25T00:00:00+00:00 [queued]>
[2024-09-22T12:19:32.898+0000] {taskinstance.py:2865} INFO - Starting attempt 1 of 1
[2024-09-22T12:19:32.909+0000] {taskinstance.py:2888} INFO - Executing <Task(BashOperator): echo_hello> on 2024-05-25 00:00:00+00:00
[2024-09-22T12:19:32.914+0000] {warnings.py:112} WARNING - /home/***/.local/lib/python3.12/site-packages/***/task/task_runner/standard_task_runner.py:70: DeprecationWarning: This process (pid=1297) is multi-threaded, use of fork() may lead to deadlocks in the child.
  pid = os.fork()

[2024-09-22T12:19:32.916+0000] {standard_task_runner.py:72} INFO - Started process 1315 to run task
[2024-09-22T12:19:32.916+0000] {standard_task_runner.py:104} INFO - Running: ['***', 'tasks', 'run', 'bash_example', 'echo_hello', 'scheduled__2024-05-25T00:00:00+00:00', '--job-id', '296', '--raw', '--subdir', 'DAGS_FOLDER/test.py', '--cfg-path', '/tmp/tmpikto_ox3']
[2024-09-22T12:19:32.917+0000] {standard_task_runner.py:105} INFO - Job 296: Subtask echo_hello
[2024-09-22T12:19:32.957+0000] {task_command.py:467} INFO - Running <TaskInstance: bash_example.echo_hello scheduled__2024-05-25T00:00:00+00:00 [running]> on host bdaaebce9b41
[2024-09-22T12:19:33.038+0000] {taskinstance.py:3131} INFO - Exporting env vars: AIRFLOW_CTX_DAG_OWNER='***' AIRFLOW_CTX_DAG_ID='bash_example' AIRFLOW_CTX_TASK_ID='echo_hello' AIRFLOW_CTX_EXECUTION_DATE='2024-05-25T00:00:00+00:00' AIRFLOW_CTX_TRY_NUMBER='1' AIRFLOW_CTX_DAG_RUN_ID='scheduled__2024-05-25T00:00:00+00:00'
[2024-09-22T12:19:33.039+0000] {taskinstance.py:731} INFO - ::endgroup::
[2024-09-22T12:19:33.056+0000] {subprocess.py:63} INFO - Tmp dir root location: /tmp
[2024-09-22T12:19:33.057+0000] {subprocess.py:75} INFO - Running command: ['/usr/bin/bash', '-c', 'echo "Hello Airflow"']
[2024-09-22T12:19:33.065+0000] {subprocess.py:86} INFO - Output:
[2024-09-22T12:19:33.074+0000] {subprocess.py:93} INFO - Hello Airflow
[2024-09-22T12:19:33.075+0000] {subprocess.py:97} INFO - Command exited with return code 0
[2024-09-22T12:19:33.100+0000] {taskinstance.py:340} INFO - ::group::Post task execution logs
[2024-09-22T12:19:33.101+0000] {taskinstance.py:352} INFO - Marking task as SUCCESS. dag_id=bash_example, task_id=echo_hello, run_id=scheduled__2024-05-25T00:00:00+00:00, execution_date=20240525T000000, start_date=20240922T121932, end_date=20240922T121933
[2024-09-22T12:19:33.130+0000] {local_task_job_runner.py:266} INFO - Task exited with return code 0
[2024-09-22T12:19:33.136+0000] {local_task_job_runner.py:245} INFO - ::endgroup::
