[2024-09-22T12:20:18.947+0000] {local_task_job_runner.py:123} INFO - ::group::Pre task execution logs
[2024-09-22T12:20:18.967+0000] {taskinstance.py:2612} INFO - Dependencies all met for dep_context=non-requeueable deps ti=<TaskInstance: bash_example.echo_hello scheduled__2024-08-07T00:00:00+00:00 [queued]>
[2024-09-22T12:20:18.977+0000] {taskinstance.py:2612} INFO - Dependencies all met for dep_context=requeueable deps ti=<TaskInstance: bash_example.echo_hello scheduled__2024-08-07T00:00:00+00:00 [queued]>
[2024-09-22T12:20:18.978+0000] {taskinstance.py:2865} INFO - Starting attempt 1 of 1
[2024-09-22T12:20:18.992+0000] {taskinstance.py:2888} INFO - Executing <Task(BashOperator): echo_hello> on 2024-08-07 00:00:00+00:00
[2024-09-22T12:20:19.000+0000] {warnings.py:112} WARNING - /home/***/.local/lib/python3.12/site-packages/***/task/task_runner/standard_task_runner.py:70: DeprecationWarning: This process (pid=1907) is multi-threaded, use of fork() may lead to deadlocks in the child.
  pid = os.fork()

[2024-09-22T12:20:19.002+0000] {standard_task_runner.py:72} INFO - Started process 1922 to run task
[2024-09-22T12:20:19.002+0000] {standard_task_runner.py:104} INFO - Running: ['***', 'tasks', 'run', 'bash_example', 'echo_hello', 'scheduled__2024-08-07T00:00:00+00:00', '--job-id', '443', '--raw', '--subdir', 'DAGS_FOLDER/test.py', '--cfg-path', '/tmp/tmp3qy6x7zb']
[2024-09-22T12:20:19.003+0000] {standard_task_runner.py:105} INFO - Job 443: Subtask echo_hello
[2024-09-22T12:20:19.051+0000] {task_command.py:467} INFO - Running <TaskInstance: bash_example.echo_hello scheduled__2024-08-07T00:00:00+00:00 [running]> on host bdaaebce9b41
[2024-09-22T12:20:19.146+0000] {taskinstance.py:3131} INFO - Exporting env vars: AIRFLOW_CTX_DAG_OWNER='***' AIRFLOW_CTX_DAG_ID='bash_example' AIRFLOW_CTX_TASK_ID='echo_hello' AIRFLOW_CTX_EXECUTION_DATE='2024-08-07T00:00:00+00:00' AIRFLOW_CTX_TRY_NUMBER='1' AIRFLOW_CTX_DAG_RUN_ID='scheduled__2024-08-07T00:00:00+00:00'
[2024-09-22T12:20:19.148+0000] {taskinstance.py:731} INFO - ::endgroup::
[2024-09-22T12:20:19.166+0000] {subprocess.py:63} INFO - Tmp dir root location: /tmp
[2024-09-22T12:20:19.167+0000] {subprocess.py:75} INFO - Running command: ['/usr/bin/bash', '-c', 'echo "Hello Airflow"']
[2024-09-22T12:20:19.176+0000] {subprocess.py:86} INFO - Output:
[2024-09-22T12:20:19.177+0000] {subprocess.py:93} INFO - Hello Airflow
[2024-09-22T12:20:19.178+0000] {subprocess.py:97} INFO - Command exited with return code 0
[2024-09-22T12:20:19.199+0000] {taskinstance.py:340} INFO - ::group::Post task execution logs
[2024-09-22T12:20:19.200+0000] {taskinstance.py:352} INFO - Marking task as SUCCESS. dag_id=bash_example, task_id=echo_hello, run_id=scheduled__2024-08-07T00:00:00+00:00, execution_date=20240807T000000, start_date=20240922T122018, end_date=20240922T122019
[2024-09-22T12:20:19.217+0000] {local_task_job_runner.py:266} INFO - Task exited with return code 0
[2024-09-22T12:20:19.226+0000] {local_task_job_runner.py:245} INFO - ::endgroup::
