[2024-09-22T12:19:36.150+0000] {local_task_job_runner.py:123} INFO - ::group::Pre task execution logs
[2024-09-22T12:19:36.170+0000] {taskinstance.py:2612} INFO - Dependencies all met for dep_context=non-requeueable deps ti=<TaskInstance: bash_example.echo_hello scheduled__2024-05-29T00:00:00+00:00 [queued]>
[2024-09-22T12:19:36.179+0000] {taskinstance.py:2612} INFO - Dependencies all met for dep_context=requeueable deps ti=<TaskInstance: bash_example.echo_hello scheduled__2024-05-29T00:00:00+00:00 [queued]>
[2024-09-22T12:19:36.180+0000] {taskinstance.py:2865} INFO - Starting attempt 1 of 1
[2024-09-22T12:19:36.205+0000] {taskinstance.py:2888} INFO - Executing <Task(BashOperator): echo_hello> on 2024-05-29 00:00:00+00:00
[2024-09-22T12:19:36.211+0000] {warnings.py:112} WARNING - /home/***/.local/lib/python3.12/site-packages/***/task/task_runner/standard_task_runner.py:70: DeprecationWarning: This process (pid=1332) is multi-threaded, use of fork() may lead to deadlocks in the child.
  pid = os.fork()

[2024-09-22T12:19:36.213+0000] {standard_task_runner.py:72} INFO - Started process 1352 to run task
[2024-09-22T12:19:36.214+0000] {standard_task_runner.py:104} INFO - Running: ['***', 'tasks', 'run', 'bash_example', 'echo_hello', 'scheduled__2024-05-29T00:00:00+00:00', '--job-id', '304', '--raw', '--subdir', 'DAGS_FOLDER/test.py', '--cfg-path', '/tmp/tmpt9qfrvo3']
[2024-09-22T12:19:36.215+0000] {standard_task_runner.py:105} INFO - Job 304: Subtask echo_hello
[2024-09-22T12:19:36.276+0000] {task_command.py:467} INFO - Running <TaskInstance: bash_example.echo_hello scheduled__2024-05-29T00:00:00+00:00 [running]> on host bdaaebce9b41
[2024-09-22T12:19:36.366+0000] {taskinstance.py:3131} INFO - Exporting env vars: AIRFLOW_CTX_DAG_OWNER='***' AIRFLOW_CTX_DAG_ID='bash_example' AIRFLOW_CTX_TASK_ID='echo_hello' AIRFLOW_CTX_EXECUTION_DATE='2024-05-29T00:00:00+00:00' AIRFLOW_CTX_TRY_NUMBER='1' AIRFLOW_CTX_DAG_RUN_ID='scheduled__2024-05-29T00:00:00+00:00'
[2024-09-22T12:19:36.374+0000] {taskinstance.py:731} INFO - ::endgroup::
[2024-09-22T12:19:36.395+0000] {subprocess.py:63} INFO - Tmp dir root location: /tmp
[2024-09-22T12:19:36.396+0000] {subprocess.py:75} INFO - Running command: ['/usr/bin/bash', '-c', 'echo "Hello Airflow"']
[2024-09-22T12:19:36.404+0000] {subprocess.py:86} INFO - Output:
[2024-09-22T12:19:36.406+0000] {subprocess.py:93} INFO - Hello Airflow
[2024-09-22T12:19:36.407+0000] {subprocess.py:97} INFO - Command exited with return code 0
[2024-09-22T12:19:36.428+0000] {taskinstance.py:340} INFO - ::group::Post task execution logs
[2024-09-22T12:19:36.428+0000] {taskinstance.py:352} INFO - Marking task as SUCCESS. dag_id=bash_example, task_id=echo_hello, run_id=scheduled__2024-05-29T00:00:00+00:00, execution_date=20240529T000000, start_date=20240922T121936, end_date=20240922T121936
[2024-09-22T12:19:36.482+0000] {local_task_job_runner.py:266} INFO - Task exited with return code 0
[2024-09-22T12:19:36.494+0000] {taskinstance.py:3900} INFO - 0 downstream tasks scheduled from follow-on schedule check
[2024-09-22T12:19:36.496+0000] {local_task_job_runner.py:245} INFO - ::endgroup::
