[2024-09-22T12:19:00.348+0000] {local_task_job_runner.py:123} INFO - ::group::Pre task execution logs
[2024-09-22T12:19:00.361+0000] {taskinstance.py:2612} INFO - Dependencies all met for dep_context=non-requeueable deps ti=<TaskInstance: bash_example.print_date scheduled__2024-03-18T00:00:00+00:00 [queued]>
[2024-09-22T12:19:00.368+0000] {taskinstance.py:2612} INFO - Dependencies all met for dep_context=requeueable deps ti=<TaskInstance: bash_example.print_date scheduled__2024-03-18T00:00:00+00:00 [queued]>
[2024-09-22T12:19:00.369+0000] {taskinstance.py:2865} INFO - Starting attempt 1 of 1
[2024-09-22T12:19:00.412+0000] {taskinstance.py:2888} INFO - Executing <Task(BashOperator): print_date> on 2024-03-18 00:00:00+00:00
[2024-09-22T12:19:00.419+0000] {warnings.py:112} WARNING - /home/***/.local/lib/python3.12/site-packages/***/task/task_runner/standard_task_runner.py:70: DeprecationWarning: This process (pid=747) is multi-threaded, use of fork() may lead to deadlocks in the child.
  pid = os.fork()

[2024-09-22T12:19:00.421+0000] {standard_task_runner.py:72} INFO - Started process 756 to run task
[2024-09-22T12:19:00.420+0000] {standard_task_runner.py:104} INFO - Running: ['***', 'tasks', 'run', 'bash_example', 'print_date', 'scheduled__2024-03-18T00:00:00+00:00', '--job-id', '157', '--raw', '--subdir', 'DAGS_FOLDER/test.py', '--cfg-path', '/tmp/tmpvy01wyvc']
[2024-09-22T12:19:00.422+0000] {standard_task_runner.py:105} INFO - Job 157: Subtask print_date
[2024-09-22T12:19:00.461+0000] {task_command.py:467} INFO - Running <TaskInstance: bash_example.print_date scheduled__2024-03-18T00:00:00+00:00 [running]> on host bdaaebce9b41
[2024-09-22T12:19:00.539+0000] {taskinstance.py:3131} INFO - Exporting env vars: AIRFLOW_CTX_DAG_OWNER='***' AIRFLOW_CTX_DAG_ID='bash_example' AIRFLOW_CTX_TASK_ID='print_date' AIRFLOW_CTX_EXECUTION_DATE='2024-03-18T00:00:00+00:00' AIRFLOW_CTX_TRY_NUMBER='1' AIRFLOW_CTX_DAG_RUN_ID='scheduled__2024-03-18T00:00:00+00:00'
[2024-09-22T12:19:00.540+0000] {taskinstance.py:731} INFO - ::endgroup::
[2024-09-22T12:19:00.553+0000] {subprocess.py:63} INFO - Tmp dir root location: /tmp
[2024-09-22T12:19:00.554+0000] {subprocess.py:75} INFO - Running command: ['/usr/bin/bash', '-c', 'date']
[2024-09-22T12:19:00.562+0000] {subprocess.py:86} INFO - Output:
[2024-09-22T12:19:00.564+0000] {subprocess.py:93} INFO - Sun Sep 22 12:19:00 UTC 2024
[2024-09-22T12:19:00.564+0000] {subprocess.py:97} INFO - Command exited with return code 0
[2024-09-22T12:19:00.585+0000] {taskinstance.py:340} INFO - ::group::Post task execution logs
[2024-09-22T12:19:00.586+0000] {taskinstance.py:352} INFO - Marking task as SUCCESS. dag_id=bash_example, task_id=print_date, run_id=scheduled__2024-03-18T00:00:00+00:00, execution_date=20240318T000000, start_date=20240922T121900, end_date=20240922T121900
[2024-09-22T12:19:00.635+0000] {local_task_job_runner.py:266} INFO - Task exited with return code 0
[2024-09-22T12:19:00.658+0000] {taskinstance.py:3900} INFO - 1 downstream tasks scheduled from follow-on schedule check
[2024-09-22T12:19:00.670+0000] {local_task_job_runner.py:245} INFO - ::endgroup::
