[2024-09-22T12:18:50.521+0000] {local_task_job_runner.py:123} INFO - ::group::Pre task execution logs
[2024-09-22T12:18:50.537+0000] {taskinstance.py:2612} INFO - Dependencies all met for dep_context=non-requeueable deps ti=<TaskInstance: bash_example.echo_hello scheduled__2024-02-24T00:00:00+00:00 [queued]>
[2024-09-22T12:18:50.550+0000] {taskinstance.py:2612} INFO - Dependencies all met for dep_context=requeueable deps ti=<TaskInstance: bash_example.echo_hello scheduled__2024-02-24T00:00:00+00:00 [queued]>
[2024-09-22T12:18:50.551+0000] {taskinstance.py:2865} INFO - Starting attempt 1 of 1
[2024-09-22T12:18:50.579+0000] {taskinstance.py:2888} INFO - Executing <Task(BashOperator): echo_hello> on 2024-02-24 00:00:00+00:00
[2024-09-22T12:18:50.585+0000] {warnings.py:112} WARNING - /home/***/.local/lib/python3.12/site-packages/***/task/task_runner/standard_task_runner.py:70: DeprecationWarning: This process (pid=588) is multi-threaded, use of fork() may lead to deadlocks in the child.
  pid = os.fork()

[2024-09-22T12:18:50.587+0000] {standard_task_runner.py:72} INFO - Started process 612 to run task
[2024-09-22T12:18:50.588+0000] {standard_task_runner.py:104} INFO - Running: ['***', 'tasks', 'run', 'bash_example', 'echo_hello', 'scheduled__2024-02-24T00:00:00+00:00', '--job-id', '122', '--raw', '--subdir', 'DAGS_FOLDER/test.py', '--cfg-path', '/tmp/tmpooltzwmo']
[2024-09-22T12:18:50.590+0000] {standard_task_runner.py:105} INFO - Job 122: Subtask echo_hello
[2024-09-22T12:18:50.640+0000] {task_command.py:467} INFO - Running <TaskInstance: bash_example.echo_hello scheduled__2024-02-24T00:00:00+00:00 [running]> on host bdaaebce9b41
[2024-09-22T12:18:50.733+0000] {taskinstance.py:3131} INFO - Exporting env vars: AIRFLOW_CTX_DAG_OWNER='***' AIRFLOW_CTX_DAG_ID='bash_example' AIRFLOW_CTX_TASK_ID='echo_hello' AIRFLOW_CTX_EXECUTION_DATE='2024-02-24T00:00:00+00:00' AIRFLOW_CTX_TRY_NUMBER='1' AIRFLOW_CTX_DAG_RUN_ID='scheduled__2024-02-24T00:00:00+00:00'
[2024-09-22T12:18:50.734+0000] {taskinstance.py:731} INFO - ::endgroup::
[2024-09-22T12:18:50.751+0000] {subprocess.py:63} INFO - Tmp dir root location: /tmp
[2024-09-22T12:18:50.752+0000] {subprocess.py:75} INFO - Running command: ['/usr/bin/bash', '-c', 'echo "Hello Airflow"']
[2024-09-22T12:18:50.762+0000] {subprocess.py:86} INFO - Output:
[2024-09-22T12:18:50.763+0000] {subprocess.py:93} INFO - Hello Airflow
[2024-09-22T12:18:50.764+0000] {subprocess.py:97} INFO - Command exited with return code 0
[2024-09-22T12:18:50.788+0000] {taskinstance.py:340} INFO - ::group::Post task execution logs
[2024-09-22T12:18:50.789+0000] {taskinstance.py:352} INFO - Marking task as SUCCESS. dag_id=bash_example, task_id=echo_hello, run_id=scheduled__2024-02-24T00:00:00+00:00, execution_date=20240224T000000, start_date=20240922T121850, end_date=20240922T121850
[2024-09-22T12:18:50.807+0000] {local_task_job_runner.py:266} INFO - Task exited with return code 0
[2024-09-22T12:18:50.819+0000] {taskinstance.py:3900} INFO - 0 downstream tasks scheduled from follow-on schedule check
[2024-09-22T12:18:50.821+0000] {local_task_job_runner.py:245} INFO - ::endgroup::
