[2024-09-22T12:19:57.453+0000] {local_task_job_runner.py:123} INFO - ::group::Pre task execution logs
[2024-09-22T12:19:57.471+0000] {taskinstance.py:2612} INFO - Dependencies all met for dep_context=non-requeueable deps ti=<TaskInstance: bash_example.echo_hello scheduled__2024-06-29T00:00:00+00:00 [queued]>
[2024-09-22T12:19:57.479+0000] {taskinstance.py:2612} INFO - Dependencies all met for dep_context=requeueable deps ti=<TaskInstance: bash_example.echo_hello scheduled__2024-06-29T00:00:00+00:00 [queued]>
[2024-09-22T12:19:57.480+0000] {taskinstance.py:2865} INFO - Starting attempt 1 of 1
[2024-09-22T12:19:57.494+0000] {taskinstance.py:2888} INFO - Executing <Task(BashOperator): echo_hello> on 2024-06-29 00:00:00+00:00
[2024-09-22T12:19:57.501+0000] {warnings.py:112} WARNING - /home/***/.local/lib/python3.12/site-packages/***/task/task_runner/standard_task_runner.py:70: DeprecationWarning: This process (pid=1587) is multi-threaded, use of fork() may lead to deadlocks in the child.
  pid = os.fork()

[2024-09-22T12:19:57.502+0000] {standard_task_runner.py:72} INFO - Started process 1603 to run task
[2024-09-22T12:19:57.503+0000] {standard_task_runner.py:104} INFO - Running: ['***', 'tasks', 'run', 'bash_example', 'echo_hello', 'scheduled__2024-06-29T00:00:00+00:00', '--job-id', '365', '--raw', '--subdir', 'DAGS_FOLDER/test.py', '--cfg-path', '/tmp/tmp8r09yoiu']
[2024-09-22T12:19:57.504+0000] {standard_task_runner.py:105} INFO - Job 365: Subtask echo_hello
[2024-09-22T12:19:57.552+0000] {task_command.py:467} INFO - Running <TaskInstance: bash_example.echo_hello scheduled__2024-06-29T00:00:00+00:00 [running]> on host bdaaebce9b41
[2024-09-22T12:19:57.657+0000] {taskinstance.py:3131} INFO - Exporting env vars: AIRFLOW_CTX_DAG_OWNER='***' AIRFLOW_CTX_DAG_ID='bash_example' AIRFLOW_CTX_TASK_ID='echo_hello' AIRFLOW_CTX_EXECUTION_DATE='2024-06-29T00:00:00+00:00' AIRFLOW_CTX_TRY_NUMBER='1' AIRFLOW_CTX_DAG_RUN_ID='scheduled__2024-06-29T00:00:00+00:00'
[2024-09-22T12:19:57.658+0000] {taskinstance.py:731} INFO - ::endgroup::
[2024-09-22T12:19:57.673+0000] {subprocess.py:63} INFO - Tmp dir root location: /tmp
[2024-09-22T12:19:57.674+0000] {subprocess.py:75} INFO - Running command: ['/usr/bin/bash', '-c', 'echo "Hello Airflow"']
[2024-09-22T12:19:57.683+0000] {subprocess.py:86} INFO - Output:
[2024-09-22T12:19:57.684+0000] {subprocess.py:93} INFO - Hello Airflow
[2024-09-22T12:19:57.685+0000] {subprocess.py:97} INFO - Command exited with return code 0
[2024-09-22T12:19:57.710+0000] {taskinstance.py:340} INFO - ::group::Post task execution logs
[2024-09-22T12:19:57.711+0000] {taskinstance.py:352} INFO - Marking task as SUCCESS. dag_id=bash_example, task_id=echo_hello, run_id=scheduled__2024-06-29T00:00:00+00:00, execution_date=20240629T000000, start_date=20240922T121957, end_date=20240922T121957
[2024-09-22T12:19:57.758+0000] {local_task_job_runner.py:266} INFO - Task exited with return code 0
[2024-09-22T12:19:57.780+0000] {taskinstance.py:3900} INFO - 0 downstream tasks scheduled from follow-on schedule check
[2024-09-22T12:19:57.784+0000] {local_task_job_runner.py:245} INFO - ::endgroup::
