[2024-09-22T12:18:39.746+0000] {local_task_job_runner.py:123} INFO - ::group::Pre task execution logs
[2024-09-22T12:18:39.770+0000] {taskinstance.py:2612} INFO - Dependencies all met for dep_context=non-requeueable deps ti=<TaskInstance: bash_example.print_date scheduled__2024-02-02T00:00:00+00:00 [queued]>
[2024-09-22T12:18:39.788+0000] {taskinstance.py:2612} INFO - Dependencies all met for dep_context=requeueable deps ti=<TaskInstance: bash_example.print_date scheduled__2024-02-02T00:00:00+00:00 [queued]>
[2024-09-22T12:18:39.789+0000] {taskinstance.py:2865} INFO - Starting attempt 1 of 1
[2024-09-22T12:18:39.806+0000] {taskinstance.py:2888} INFO - Executing <Task(BashOperator): print_date> on 2024-02-02 00:00:00+00:00
[2024-09-22T12:18:39.811+0000] {warnings.py:112} WARNING - /home/***/.local/lib/python3.12/site-packages/***/task/task_runner/standard_task_runner.py:70: DeprecationWarning: This process (pid=373) is multi-threaded, use of fork() may lead to deadlocks in the child.
  pid = os.fork()

[2024-09-22T12:18:39.812+0000] {standard_task_runner.py:72} INFO - Started process 389 to run task
[2024-09-22T12:18:39.813+0000] {standard_task_runner.py:104} INFO - Running: ['***', 'tasks', 'run', 'bash_example', 'print_date', 'scheduled__2024-02-02T00:00:00+00:00', '--job-id', '65', '--raw', '--subdir', 'DAGS_FOLDER/test.py', '--cfg-path', '/tmp/tmpp6bp0s4g']
[2024-09-22T12:18:39.814+0000] {standard_task_runner.py:105} INFO - Job 65: Subtask print_date
[2024-09-22T12:18:39.854+0000] {task_command.py:467} INFO - Running <TaskInstance: bash_example.print_date scheduled__2024-02-02T00:00:00+00:00 [running]> on host bdaaebce9b41
[2024-09-22T12:18:39.936+0000] {taskinstance.py:3131} INFO - Exporting env vars: AIRFLOW_CTX_DAG_OWNER='***' AIRFLOW_CTX_DAG_ID='bash_example' AIRFLOW_CTX_TASK_ID='print_date' AIRFLOW_CTX_EXECUTION_DATE='2024-02-02T00:00:00+00:00' AIRFLOW_CTX_TRY_NUMBER='1' AIRFLOW_CTX_DAG_RUN_ID='scheduled__2024-02-02T00:00:00+00:00'
[2024-09-22T12:18:39.941+0000] {taskinstance.py:731} INFO - ::endgroup::
[2024-09-22T12:18:39.957+0000] {subprocess.py:63} INFO - Tmp dir root location: /tmp
[2024-09-22T12:18:39.958+0000] {subprocess.py:75} INFO - Running command: ['/usr/bin/bash', '-c', 'date']
[2024-09-22T12:18:39.967+0000] {subprocess.py:86} INFO - Output:
[2024-09-22T12:18:39.970+0000] {subprocess.py:93} INFO - Sun Sep 22 12:18:39 UTC 2024
[2024-09-22T12:18:39.970+0000] {subprocess.py:97} INFO - Command exited with return code 0
[2024-09-22T12:18:39.992+0000] {taskinstance.py:340} INFO - ::group::Post task execution logs
[2024-09-22T12:18:39.993+0000] {taskinstance.py:352} INFO - Marking task as SUCCESS. dag_id=bash_example, task_id=print_date, run_id=scheduled__2024-02-02T00:00:00+00:00, execution_date=20240202T000000, start_date=20240922T121839, end_date=20240922T121839
[2024-09-22T12:18:40.027+0000] {local_task_job_runner.py:266} INFO - Task exited with return code 0
[2024-09-22T12:18:40.047+0000] {taskinstance.py:3900} INFO - 1 downstream tasks scheduled from follow-on schedule check
[2024-09-22T12:18:40.051+0000] {local_task_job_runner.py:245} INFO - ::endgroup::
