[2024-09-22T12:19:12.052+0000] {local_task_job_runner.py:123} INFO - ::group::Pre task execution logs
[2024-09-22T12:19:12.067+0000] {taskinstance.py:2612} INFO - Dependencies all met for dep_context=non-requeueable deps ti=<TaskInstance: bash_example.print_date scheduled__2024-04-17T00:00:00+00:00 [queued]>
[2024-09-22T12:19:12.075+0000] {taskinstance.py:2612} INFO - Dependencies all met for dep_context=requeueable deps ti=<TaskInstance: bash_example.print_date scheduled__2024-04-17T00:00:00+00:00 [queued]>
[2024-09-22T12:19:12.076+0000] {taskinstance.py:2865} INFO - Starting attempt 1 of 1
[2024-09-22T12:19:12.090+0000] {taskinstance.py:2888} INFO - Executing <Task(BashOperator): print_date> on 2024-04-17 00:00:00+00:00
[2024-09-22T12:19:12.095+0000] {warnings.py:112} WARNING - /home/***/.local/lib/python3.12/site-packages/***/task/task_runner/standard_task_runner.py:70: DeprecationWarning: This process (pid=980) is multi-threaded, use of fork() may lead to deadlocks in the child.
  pid = os.fork()

[2024-09-22T12:19:12.097+0000] {standard_task_runner.py:72} INFO - Started process 996 to run task
[2024-09-22T12:19:12.097+0000] {standard_task_runner.py:104} INFO - Running: ['***', 'tasks', 'run', 'bash_example', 'print_date', 'scheduled__2024-04-17T00:00:00+00:00', '--job-id', '216', '--raw', '--subdir', 'DAGS_FOLDER/test.py', '--cfg-path', '/tmp/tmpr63w_s68']
[2024-09-22T12:19:12.098+0000] {standard_task_runner.py:105} INFO - Job 216: Subtask print_date
[2024-09-22T12:19:12.142+0000] {task_command.py:467} INFO - Running <TaskInstance: bash_example.print_date scheduled__2024-04-17T00:00:00+00:00 [running]> on host bdaaebce9b41
[2024-09-22T12:19:12.212+0000] {taskinstance.py:3131} INFO - Exporting env vars: AIRFLOW_CTX_DAG_OWNER='***' AIRFLOW_CTX_DAG_ID='bash_example' AIRFLOW_CTX_TASK_ID='print_date' AIRFLOW_CTX_EXECUTION_DATE='2024-04-17T00:00:00+00:00' AIRFLOW_CTX_TRY_NUMBER='1' AIRFLOW_CTX_DAG_RUN_ID='scheduled__2024-04-17T00:00:00+00:00'
[2024-09-22T12:19:12.213+0000] {taskinstance.py:731} INFO - ::endgroup::
[2024-09-22T12:19:12.224+0000] {subprocess.py:63} INFO - Tmp dir root location: /tmp
[2024-09-22T12:19:12.225+0000] {subprocess.py:75} INFO - Running command: ['/usr/bin/bash', '-c', 'date']
[2024-09-22T12:19:12.232+0000] {subprocess.py:86} INFO - Output:
[2024-09-22T12:19:12.233+0000] {subprocess.py:93} INFO - Sun Sep 22 12:19:12 UTC 2024
[2024-09-22T12:19:12.233+0000] {subprocess.py:97} INFO - Command exited with return code 0
[2024-09-22T12:19:12.254+0000] {taskinstance.py:340} INFO - ::group::Post task execution logs
[2024-09-22T12:19:12.254+0000] {taskinstance.py:352} INFO - Marking task as SUCCESS. dag_id=bash_example, task_id=print_date, run_id=scheduled__2024-04-17T00:00:00+00:00, execution_date=20240417T000000, start_date=20240922T121912, end_date=20240922T121912
[2024-09-22T12:19:12.272+0000] {local_task_job_runner.py:266} INFO - Task exited with return code 0
[2024-09-22T12:19:12.288+0000] {taskinstance.py:3900} INFO - 1 downstream tasks scheduled from follow-on schedule check
[2024-09-22T12:19:12.291+0000] {local_task_job_runner.py:245} INFO - ::endgroup::
