[2024-09-22T12:20:04.456+0000] {local_task_job_runner.py:123} INFO - ::group::Pre task execution logs
[2024-09-22T12:20:04.473+0000] {taskinstance.py:2612} INFO - Dependencies all met for dep_context=non-requeueable deps ti=<TaskInstance: bash_example.print_date scheduled__2024-07-12T00:00:00+00:00 [queued]>
[2024-09-22T12:20:04.482+0000] {taskinstance.py:2612} INFO - Dependencies all met for dep_context=requeueable deps ti=<TaskInstance: bash_example.print_date scheduled__2024-07-12T00:00:00+00:00 [queued]>
[2024-09-22T12:20:04.483+0000] {taskinstance.py:2865} INFO - Starting attempt 1 of 1
[2024-09-22T12:20:04.498+0000] {taskinstance.py:2888} INFO - Executing <Task(BashOperator): print_date> on 2024-07-12 00:00:00+00:00
[2024-09-22T12:20:04.505+0000] {warnings.py:112} WARNING - /home/***/.local/lib/python3.12/site-packages/***/task/task_runner/standard_task_runner.py:70: DeprecationWarning: This process (pid=1703) is multi-threaded, use of fork() may lead to deadlocks in the child.
  pid = os.fork()

[2024-09-22T12:20:04.506+0000] {standard_task_runner.py:72} INFO - Started process 1711 to run task
[2024-09-22T12:20:04.506+0000] {standard_task_runner.py:104} INFO - Running: ['***', 'tasks', 'run', 'bash_example', 'print_date', 'scheduled__2024-07-12T00:00:00+00:00', '--job-id', '391', '--raw', '--subdir', 'DAGS_FOLDER/test.py', '--cfg-path', '/tmp/tmpkd8_9mof']
[2024-09-22T12:20:04.508+0000] {standard_task_runner.py:105} INFO - Job 391: Subtask print_date
[2024-09-22T12:20:04.551+0000] {task_command.py:467} INFO - Running <TaskInstance: bash_example.print_date scheduled__2024-07-12T00:00:00+00:00 [running]> on host bdaaebce9b41
[2024-09-22T12:20:04.635+0000] {taskinstance.py:3131} INFO - Exporting env vars: AIRFLOW_CTX_DAG_OWNER='***' AIRFLOW_CTX_DAG_ID='bash_example' AIRFLOW_CTX_TASK_ID='print_date' AIRFLOW_CTX_EXECUTION_DATE='2024-07-12T00:00:00+00:00' AIRFLOW_CTX_TRY_NUMBER='1' AIRFLOW_CTX_DAG_RUN_ID='scheduled__2024-07-12T00:00:00+00:00'
[2024-09-22T12:20:04.637+0000] {taskinstance.py:731} INFO - ::endgroup::
[2024-09-22T12:20:04.652+0000] {subprocess.py:63} INFO - Tmp dir root location: /tmp
[2024-09-22T12:20:04.653+0000] {subprocess.py:75} INFO - Running command: ['/usr/bin/bash', '-c', 'date']
[2024-09-22T12:20:04.665+0000] {subprocess.py:86} INFO - Output:
[2024-09-22T12:20:04.668+0000] {subprocess.py:93} INFO - Sun Sep 22 12:20:04 UTC 2024
[2024-09-22T12:20:04.669+0000] {subprocess.py:97} INFO - Command exited with return code 0
[2024-09-22T12:20:04.695+0000] {taskinstance.py:340} INFO - ::group::Post task execution logs
[2024-09-22T12:20:04.696+0000] {taskinstance.py:352} INFO - Marking task as SUCCESS. dag_id=bash_example, task_id=print_date, run_id=scheduled__2024-07-12T00:00:00+00:00, execution_date=20240712T000000, start_date=20240922T122004, end_date=20240922T122004
[2024-09-22T12:20:04.725+0000] {local_task_job_runner.py:266} INFO - Task exited with return code 0
[2024-09-22T12:20:04.740+0000] {taskinstance.py:3900} INFO - 0 downstream tasks scheduled from follow-on schedule check
[2024-09-22T12:20:04.743+0000] {local_task_job_runner.py:245} INFO - ::endgroup::
