[2024-09-22T12:20:00.883+0000] {local_task_job_runner.py:123} INFO - ::group::Pre task execution logs
[2024-09-22T12:20:00.896+0000] {taskinstance.py:2612} INFO - Dependencies all met for dep_context=non-requeueable deps ti=<TaskInstance: bash_example.print_date scheduled__2024-07-10T00:00:00+00:00 [queued]>
[2024-09-22T12:20:00.902+0000] {taskinstance.py:2612} INFO - Dependencies all met for dep_context=requeueable deps ti=<TaskInstance: bash_example.print_date scheduled__2024-07-10T00:00:00+00:00 [queued]>
[2024-09-22T12:20:00.903+0000] {taskinstance.py:2865} INFO - Starting attempt 1 of 1
[2024-09-22T12:20:00.913+0000] {taskinstance.py:2888} INFO - Executing <Task(BashOperator): print_date> on 2024-07-10 00:00:00+00:00
[2024-09-22T12:20:00.917+0000] {warnings.py:112} WARNING - /home/***/.local/lib/python3.12/site-packages/***/task/task_runner/standard_task_runner.py:70: DeprecationWarning: This process (pid=1673) is multi-threaded, use of fork() may lead to deadlocks in the child.
  pid = os.fork()

[2024-09-22T12:20:00.919+0000] {standard_task_runner.py:72} INFO - Started process 1689 to run task
[2024-09-22T12:20:00.919+0000] {standard_task_runner.py:104} INFO - Running: ['***', 'tasks', 'run', 'bash_example', 'print_date', 'scheduled__2024-07-10T00:00:00+00:00', '--job-id', '387', '--raw', '--subdir', 'DAGS_FOLDER/test.py', '--cfg-path', '/tmp/tmpshl5702a']
[2024-09-22T12:20:00.920+0000] {standard_task_runner.py:105} INFO - Job 387: Subtask print_date
[2024-09-22T12:20:00.951+0000] {task_command.py:467} INFO - Running <TaskInstance: bash_example.print_date scheduled__2024-07-10T00:00:00+00:00 [running]> on host bdaaebce9b41
[2024-09-22T12:20:01.011+0000] {taskinstance.py:3131} INFO - Exporting env vars: AIRFLOW_CTX_DAG_OWNER='***' AIRFLOW_CTX_DAG_ID='bash_example' AIRFLOW_CTX_TASK_ID='print_date' AIRFLOW_CTX_EXECUTION_DATE='2024-07-10T00:00:00+00:00' AIRFLOW_CTX_TRY_NUMBER='1' AIRFLOW_CTX_DAG_RUN_ID='scheduled__2024-07-10T00:00:00+00:00'
[2024-09-22T12:20:01.012+0000] {taskinstance.py:731} INFO - ::endgroup::
[2024-09-22T12:20:01.023+0000] {subprocess.py:63} INFO - Tmp dir root location: /tmp
[2024-09-22T12:20:01.023+0000] {subprocess.py:75} INFO - Running command: ['/usr/bin/bash', '-c', 'date']
[2024-09-22T12:20:01.029+0000] {subprocess.py:86} INFO - Output:
[2024-09-22T12:20:01.031+0000] {subprocess.py:93} INFO - Sun Sep 22 12:20:01 UTC 2024
[2024-09-22T12:20:01.031+0000] {subprocess.py:97} INFO - Command exited with return code 0
[2024-09-22T12:20:01.046+0000] {taskinstance.py:340} INFO - ::group::Post task execution logs
[2024-09-22T12:20:01.047+0000] {taskinstance.py:352} INFO - Marking task as SUCCESS. dag_id=bash_example, task_id=print_date, run_id=scheduled__2024-07-10T00:00:00+00:00, execution_date=20240710T000000, start_date=20240922T122000, end_date=20240922T122001
[2024-09-22T12:20:01.093+0000] {local_task_job_runner.py:266} INFO - Task exited with return code 0
[2024-09-22T12:20:01.105+0000] {local_task_job_runner.py:245} INFO - ::endgroup::
