[2024-09-22T12:19:49.790+0000] {local_task_job_runner.py:123} INFO - ::group::Pre task execution logs
[2024-09-22T12:19:49.806+0000] {taskinstance.py:2612} INFO - Dependencies all met for dep_context=non-requeueable deps ti=<TaskInstance: bash_example.echo_hello scheduled__2024-06-14T00:00:00+00:00 [queued]>
[2024-09-22T12:19:49.816+0000] {taskinstance.py:2612} INFO - Dependencies all met for dep_context=requeueable deps ti=<TaskInstance: bash_example.echo_hello scheduled__2024-06-14T00:00:00+00:00 [queued]>
[2024-09-22T12:19:49.816+0000] {taskinstance.py:2865} INFO - Starting attempt 1 of 1
[2024-09-22T12:19:49.838+0000] {taskinstance.py:2888} INFO - Executing <Task(BashOperator): echo_hello> on 2024-06-14 00:00:00+00:00
[2024-09-22T12:19:49.843+0000] {warnings.py:112} WARNING - /home/***/.local/lib/python3.12/site-packages/***/task/task_runner/standard_task_runner.py:70: DeprecationWarning: This process (pid=1479) is multi-threaded, use of fork() may lead to deadlocks in the child.
  pid = os.fork()

[2024-09-22T12:19:49.845+0000] {standard_task_runner.py:72} INFO - Started process 1489 to run task
[2024-09-22T12:19:49.845+0000] {standard_task_runner.py:104} INFO - Running: ['***', 'tasks', 'run', 'bash_example', 'echo_hello', 'scheduled__2024-06-14T00:00:00+00:00', '--job-id', '336', '--raw', '--subdir', 'DAGS_FOLDER/test.py', '--cfg-path', '/tmp/tmpn9lehcop']
[2024-09-22T12:19:49.846+0000] {standard_task_runner.py:105} INFO - Job 336: Subtask echo_hello
[2024-09-22T12:19:49.890+0000] {task_command.py:467} INFO - Running <TaskInstance: bash_example.echo_hello scheduled__2024-06-14T00:00:00+00:00 [running]> on host bdaaebce9b41
[2024-09-22T12:19:49.970+0000] {taskinstance.py:3131} INFO - Exporting env vars: AIRFLOW_CTX_DAG_OWNER='***' AIRFLOW_CTX_DAG_ID='bash_example' AIRFLOW_CTX_TASK_ID='echo_hello' AIRFLOW_CTX_EXECUTION_DATE='2024-06-14T00:00:00+00:00' AIRFLOW_CTX_TRY_NUMBER='1' AIRFLOW_CTX_DAG_RUN_ID='scheduled__2024-06-14T00:00:00+00:00'
[2024-09-22T12:19:49.970+0000] {taskinstance.py:731} INFO - ::endgroup::
[2024-09-22T12:19:49.990+0000] {subprocess.py:63} INFO - Tmp dir root location: /tmp
[2024-09-22T12:19:49.991+0000] {subprocess.py:75} INFO - Running command: ['/usr/bin/bash', '-c', 'echo "Hello Airflow"']
[2024-09-22T12:19:50.002+0000] {subprocess.py:86} INFO - Output:
[2024-09-22T12:19:50.005+0000] {subprocess.py:93} INFO - Hello Airflow
[2024-09-22T12:19:50.010+0000] {subprocess.py:97} INFO - Command exited with return code 0
[2024-09-22T12:19:50.037+0000] {taskinstance.py:340} INFO - ::group::Post task execution logs
[2024-09-22T12:19:50.038+0000] {taskinstance.py:352} INFO - Marking task as SUCCESS. dag_id=bash_example, task_id=echo_hello, run_id=scheduled__2024-06-14T00:00:00+00:00, execution_date=20240614T000000, start_date=20240922T121949, end_date=20240922T121950
[2024-09-22T12:19:50.060+0000] {local_task_job_runner.py:266} INFO - Task exited with return code 0
[2024-09-22T12:19:50.068+0000] {local_task_job_runner.py:245} INFO - ::endgroup::
